<?xml version="1.0" encoding="UTF-8"?>
<!-- Generated by org.testng.reporters.JUnitReportReporter -->
<testsuite hostname="DESKTOP-O4AMI07" failures="0" tests="2" name="testng.dataprovider.DataProviderByExcel" time="126.996" errors="0" timestamp="2022-08-01T16:00:25 IST" skipped="0">
  <testcase classname="testng.dataprovider.DataProviderByExcel" name="verifyParameter" time="50.303"/>
  <system-out/>
  <testcase classname="testng.dataprovider.DataProviderByExcel" name="verifyParameter" time="76.693"/>
  <system-out/>
</testsuite> <!-- testng.dataprovider.DataProviderByExcel -->
