<?xml version="1.0" encoding="UTF-8"?>
<!-- Generated by org.testng.reporters.JUnitReportReporter -->
<testsuite hostname="DESKTOP-O4AMI07" failures="0" tests="2" name="testng.dataprovider.DataProviderByExcel" time="91.095" errors="0" timestamp="2022-08-16T17:59:10 IST" skipped="0">
  <testcase classname="testng.dataprovider.DataProviderByExcel" name="verifyParameter" time="61.146"/>
  <system-out/>
  <testcase classname="testng.dataprovider.DataProviderByExcel" name="verifyParameter" time="29.949"/>
  <system-out/>
</testsuite> <!-- testng.dataprovider.DataProviderByExcel -->
